TN:
SF:src/Ejercicio-1/basiccollection.ts
FN:4,(anonymous_0)
FN:9,(anonymous_1)
FN:16,(anonymous_2)
FN:27,(anonymous_3)
FN:35,(anonymous_4)
FNF:5
FNH:5
FNDA:3,(anonymous_0)
FNDA:3,(anonymous_1)
FNDA:4,(anonymous_2)
FNDA:6,(anonymous_3)
FNDA:3,(anonymous_4)
DA:3,1
DA:4,3
DA:10,3
DA:17,4
DA:18,4
DA:19,3
DA:28,6
DA:36,3
LF:8
LH:8
BRDA:18,0,0,3
BRDA:18,0,1,1
BRF:2
BRH:2
end_of_record
TN:
SF:src/Ejercicio-1/documentalescollection.ts
FN:10,(anonymous_0)
FN:18,(anonymous_1)
FN:26,(anonymous_2)
FN:34,(anonymous_3)
FN:42,(anonymous_4)
FN:51,(anonymous_5)
FN:52,(anonymous_6)
FN:61,(anonymous_7)
FN:62,(anonymous_8)
FN:71,(anonymous_9)
FN:72,(anonymous_10)
FN:81,(anonymous_11)
FN:82,(anonymous_12)
FN:89,(anonymous_13)
FN:90,(anonymous_14)
FN:97,(anonymous_15)
FN:98,(anonymous_16)
FN:105,(anonymous_17)
FN:106,(anonymous_18)
FN:113,(anonymous_19)
FN:115,(anonymous_20)
FN:122,(anonymous_21)
FN:123,(anonymous_22)
FN:130,(anonymous_23)
FN:131,(anonymous_24)
FNF:25
FNH:25
FNDA:1,(anonymous_0)
FNDA:1,(anonymous_1)
FNDA:2,(anonymous_2)
FNDA:2,(anonymous_3)
FNDA:1,(anonymous_4)
FNDA:1,(anonymous_5)
FNDA:2,(anonymous_6)
FNDA:1,(anonymous_7)
FNDA:2,(anonymous_8)
FNDA:1,(anonymous_9)
FNDA:2,(anonymous_10)
FNDA:1,(anonymous_11)
FNDA:2,(anonymous_12)
FNDA:1,(anonymous_13)
FNDA:1,(anonymous_14)
FNDA:1,(anonymous_15)
FNDA:1,(anonymous_16)
FNDA:1,(anonymous_17)
FNDA:1,(anonymous_18)
FNDA:1,(anonymous_19)
FNDA:1,(anonymous_20)
FNDA:1,(anonymous_21)
FNDA:1,(anonymous_22)
FNDA:1,(anonymous_23)
FNDA:1,(anonymous_24)
DA:1,1
DA:4,1
DA:10,1
DA:11,1
DA:19,1
DA:27,2
DA:35,2
DA:43,1
DA:52,2
DA:53,1
DA:62,2
DA:63,1
DA:72,2
DA:73,1
DA:82,2
DA:83,1
DA:90,1
DA:98,1
DA:106,1
DA:115,1
DA:123,1
DA:131,1
LF:22
LH:22
BRF:0
BRH:0
end_of_record
TN:
SF:src/Ejercicio-1/objects.ts
FN:12,(anonymous_0)
FN:17,(anonymous_1)
FN:22,(anonymous_2)
FN:27,(anonymous_3)
FN:32,(anonymous_4)
FN:37,(anonymous_5)
FN:50,(anonymous_6)
FN:55,(anonymous_7)
FN:60,(anonymous_8)
FN:65,(anonymous_9)
FN:70,(anonymous_10)
FN:75,(anonymous_11)
FN:80,(anonymous_12)
FN:94,(anonymous_13)
FN:99,(anonymous_14)
FN:104,(anonymous_15)
FN:109,(anonymous_16)
FN:114,(anonymous_17)
FN:119,(anonymous_18)
FN:124,(anonymous_19)
FN:129,(anonymous_20)
FNF:21
FNH:21
FNDA:3,(anonymous_0)
FNDA:2,(anonymous_1)
FNDA:2,(anonymous_2)
FNDA:1,(anonymous_3)
FNDA:2,(anonymous_4)
FNDA:1,(anonymous_5)
FNDA:4,(anonymous_6)
FNDA:5,(anonymous_7)
FNDA:5,(anonymous_8)
FNDA:4,(anonymous_9)
FNDA:3,(anonymous_10)
FNDA:3,(anonymous_11)
FNDA:3,(anonymous_12)
FNDA:4,(anonymous_13)
FNDA:5,(anonymous_14)
FNDA:5,(anonymous_15)
FNDA:4,(anonymous_16)
FNDA:3,(anonymous_17)
FNDA:3,(anonymous_18)
FNDA:3,(anonymous_19)
FNDA:3,(anonymous_20)
DA:3,1
DA:12,3
DA:17,2
DA:22,2
DA:27,1
DA:32,2
DA:37,1
DA:40,1
DA:50,4
DA:55,5
DA:60,5
DA:65,4
DA:70,3
DA:75,3
DA:80,3
DA:83,1
DA:94,4
DA:99,5
DA:104,5
DA:109,4
DA:114,3
DA:119,3
DA:124,3
DA:129,3
LF:24
LH:24
BRF:0
BRH:0
end_of_record
TN:
SF:src/Ejercicio-1/peliculascollection.ts
FN:10,(anonymous_0)
FN:18,(anonymous_1)
FN:26,(anonymous_2)
FN:34,(anonymous_3)
FN:42,(anonymous_4)
FN:51,(anonymous_5)
FN:52,(anonymous_6)
FN:61,(anonymous_7)
FN:62,(anonymous_8)
FN:70,(anonymous_9)
FN:71,(anonymous_10)
FN:80,(anonymous_11)
FN:81,(anonymous_12)
FN:89,(anonymous_13)
FN:90,(anonymous_14)
FN:97,(anonymous_15)
FN:98,(anonymous_16)
FN:105,(anonymous_17)
FN:106,(anonymous_18)
FN:113,(anonymous_19)
FN:115,(anonymous_20)
FN:122,(anonymous_21)
FN:124,(anonymous_22)
FNF:23
FNH:18
FNDA:1,(anonymous_0)
FNDA:1,(anonymous_1)
FNDA:1,(anonymous_2)
FNDA:2,(anonymous_3)
FNDA:1,(anonymous_4)
FNDA:1,(anonymous_5)
FNDA:1,(anonymous_6)
FNDA:1,(anonymous_7)
FNDA:1,(anonymous_8)
FNDA:1,(anonymous_9)
FNDA:1,(anonymous_10)
FNDA:1,(anonymous_11)
FNDA:1,(anonymous_12)
FNDA:1,(anonymous_13)
FNDA:0,(anonymous_14)
FNDA:1,(anonymous_15)
FNDA:0,(anonymous_16)
FNDA:1,(anonymous_17)
FNDA:0,(anonymous_18)
FNDA:1,(anonymous_19)
FNDA:0,(anonymous_20)
FNDA:1,(anonymous_21)
FNDA:0,(anonymous_22)
DA:1,1
DA:4,1
DA:10,1
DA:11,1
DA:19,1
DA:27,1
DA:35,2
DA:43,1
DA:52,1
DA:53,1
DA:62,1
DA:63,1
DA:71,1
DA:72,1
DA:81,1
DA:82,1
DA:90,1
DA:98,1
DA:106,1
DA:115,1
DA:124,1
LF:21
LH:21
BRF:0
BRH:0
end_of_record
TN:
SF:src/Ejercicio-1/seriescollection.ts
FN:10,(anonymous_0)
FN:18,(anonymous_1)
FN:26,(anonymous_2)
FN:34,(anonymous_3)
FN:42,(anonymous_4)
FN:51,(anonymous_5)
FN:52,(anonymous_6)
FN:61,(anonymous_7)
FN:62,(anonymous_8)
FN:71,(anonymous_9)
FN:72,(anonymous_10)
FN:80,(anonymous_11)
FN:81,(anonymous_12)
FN:88,(anonymous_13)
FN:89,(anonymous_14)
FN:96,(anonymous_15)
FN:97,(anonymous_16)
FN:104,(anonymous_17)
FN:105,(anonymous_18)
FN:112,(anonymous_19)
FN:113,(anonymous_20)
FN:120,(anonymous_21)
FN:121,(anonymous_22)
FNF:23
FNH:23
FNDA:1,(anonymous_0)
FNDA:1,(anonymous_1)
FNDA:1,(anonymous_2)
FNDA:2,(anonymous_3)
FNDA:1,(anonymous_4)
FNDA:1,(anonymous_5)
FNDA:2,(anonymous_6)
FNDA:1,(anonymous_7)
FNDA:2,(anonymous_8)
FNDA:1,(anonymous_9)
FNDA:2,(anonymous_10)
FNDA:1,(anonymous_11)
FNDA:1,(anonymous_12)
FNDA:1,(anonymous_13)
FNDA:1,(anonymous_14)
FNDA:1,(anonymous_15)
FNDA:1,(anonymous_16)
FNDA:1,(anonymous_17)
FNDA:1,(anonymous_18)
FNDA:1,(anonymous_19)
FNDA:1,(anonymous_20)
FNDA:1,(anonymous_21)
FNDA:1,(anonymous_22)
DA:1,1
DA:4,1
DA:10,1
DA:11,1
DA:19,1
DA:27,1
DA:35,2
DA:43,1
DA:52,2
DA:53,1
DA:62,2
DA:63,1
DA:72,2
DA:73,1
DA:81,1
DA:89,1
DA:97,1
DA:105,1
DA:113,1
DA:121,1
LF:20
LH:20
BRF:0
BRH:0
end_of_record
TN:
SF:src/Ejercicio-2/listagenerica.ts
FN:3,(anonymous_0)
FN:7,(anonymous_1)
FN:11,(anonymous_2)
FN:20,(anonymous_3)
FN:30,(anonymous_4)
FN:34,(anonymous_5)
FN:42,(anonymous_6)
FN:51,(anonymous_7)
FN:59,(anonymous_8)
FNF:9
FNH:8
FNDA:7,(anonymous_0)
FNDA:3,(anonymous_1)
FNDA:1,(anonymous_2)
FNDA:1,(anonymous_3)
FNDA:1,(anonymous_4)
FNDA:1,(anonymous_5)
FNDA:1,(anonymous_6)
FNDA:1,(anonymous_7)
FNDA:0,(anonymous_8)
DA:1,1
DA:4,7
DA:8,3
DA:12,1
DA:13,1
DA:14,1
DA:16,1
DA:17,1
DA:21,1
DA:22,1
DA:23,6
DA:24,5
DA:27,1
DA:31,1
DA:35,1
DA:36,1
DA:37,6
DA:39,1
DA:43,1
DA:44,1
DA:45,3
DA:48,1
DA:52,1
DA:53,1
DA:54,3
DA:56,1
DA:60,0
LF:27
LH:26
BRDA:23,0,0,5
BRDA:23,0,1,1
BRF:2
BRH:2
end_of_record
